{
  "RSpec": {
    "coverage": {
      "/mnt/c/Users/ASUS/OneDrive/Desktop/ruby/Dev-Blog/spec/models/comment_spec.rb": {
        "lines": [
          1,
          null,
          1,
          1,
          1,
          2,
          null,
          1,
          1,
          1,
          1,
          1,
          1,
          1,
          null,
          null,
          null
        ]
      },
      "/mnt/c/Users/ASUS/OneDrive/Desktop/ruby/Dev-Blog/spec/rails_helper.rb": {
        "lines": [
          null,
          1,
          1,
          1,
          null,
          1,
          1,
          null,
          null,
          null,
          null,
          null,
          null,
          null,
          null,
          null,
          null,
          null,
          null,
          null,
          null,
          null,
          null,
          null,
          null,
          null,
          null,
          1,
          null,
          0,
          null,
          1,
          null,
          1,
          null,
          null,
          null,
          null,
          1,
          null,
          null,
          null,
          null,
          null,
          null,
          null,
          null,
          null,
          null,
          null,
          null,
          null,
          null,
          null,
          null,
          null,
          1,
          null,
          null,
          1,
          null,
          null,
          null
        ]
      },
      "/mnt/c/Users/ASUS/OneDrive/Desktop/ruby/Dev-Blog/config/environment.rb": {
        "lines": [
          null,
          1,
          null,
          null,
          1
        ]
      },
      "/mnt/c/Users/ASUS/OneDrive/Desktop/ruby/Dev-Blog/config/application.rb": {
        "lines": [
          1,
          null,
          1,
          null,
          null,
          null,
          1,
          null,
          1,
          1,
          null,
          1,
          null,
          null,
          null,
          null,
          null,
          null,
          null,
          null,
          null,
          null
        ]
      },
      "/mnt/c/Users/ASUS/OneDrive/Desktop/ruby/Dev-Blog/config/boot.rb": {
        "lines": [
          1,
          null,
          1,
          1
        ]
      },
      "/mnt/c/Users/ASUS/OneDrive/Desktop/ruby/Dev-Blog/config/environments/test.rb": {
        "lines": [
          1,
          null,
          null,
          null,
          null,
          null,
          null,
          1,
          null,
          null,
          null,
          1,
          null,
          null,
          null,
          null,
          1,
          null,
          null,
          1,
          1,
          null,
          null,
          null,
          null,
          1,
          1,
          1,
          null,
          null,
          1,
          null,
          null,
          1,
          null,
          null,
          1,
          null,
          1,
          null,
          null,
          null,
          null,
          1,
          null,
          null,
          1,
          null,
          null,
          1,
          null,
          null,
          1,
          null,
          null,
          null,
          null,
          null,
          null,
          null
        ]
      },
      "/mnt/c/Users/ASUS/OneDrive/Desktop/ruby/Dev-Blog/config/initializers/assets.rb": {
        "lines": [
          null,
          null,
          null,
          1,
          null,
          null,
          null,
          null,
          null,
          null,
          null,
          null
        ]
      },
      "/mnt/c/Users/ASUS/OneDrive/Desktop/ruby/Dev-Blog/config/initializers/content_security_policy.rb": {
        "lines": [
          null,
          null,
          null,
          null,
          null,
          null,
          null,
          null,
          null,
          null,
          null,
          null,
          null,
          null,
          null,
          null,
          null,
          null,
          null,
          null,
          null,
          null,
          null,
          null,
          null
        ]
      },
      "/mnt/c/Users/ASUS/OneDrive/Desktop/ruby/Dev-Blog/config/initializers/filter_parameter_logging.rb": {
        "lines": [
          null,
          null,
          null,
          null,
          null,
          1,
          null,
          null
        ]
      },
      "/mnt/c/Users/ASUS/OneDrive/Desktop/ruby/Dev-Blog/config/initializers/inflections.rb": {
        "lines": [
          null,
          null,
          null,
          null,
          null,
          null,
          null,
          null,
          null,
          null,
          null,
          null,
          null,
          null,
          null,
          null
        ]
      },
      "/mnt/c/Users/ASUS/OneDrive/Desktop/ruby/Dev-Blog/config/initializers/permissions_policy.rb": {
        "lines": [
          null,
          null,
          null,
          null,
          null,
          null,
          null,
          null,
          null,
          null,
          null
        ]
      },
      "/mnt/c/Users/ASUS/OneDrive/Desktop/ruby/Dev-Blog/config/routes.rb": {
        "lines": [
          1,
          null,
          null,
          null,
          1,
          1,
          1,
          null,
          null
        ]
      },
      "/mnt/c/Users/ASUS/OneDrive/Desktop/ruby/Dev-Blog/app/helpers/application_helper.rb": {
        "lines": [
          1,
          null
        ]
      },
      "/mnt/c/Users/ASUS/OneDrive/Desktop/ruby/Dev-Blog/app/models/comment.rb": {
        "lines": [
          1,
          1,
          1,
          null,
          1,
          1,
          null,
          1,
          null,
          1,
          10,
          null,
          null
        ]
      },
      "/mnt/c/Users/ASUS/OneDrive/Desktop/ruby/Dev-Blog/app/models/application_record.rb": {
        "lines": [
          1,
          1,
          null
        ]
      },
      "/mnt/c/Users/ASUS/OneDrive/Desktop/ruby/Dev-Blog/app/models/user.rb": {
        "lines": [
          1,
          1,
          1,
          1,
          1,
          1,
          null,
          1,
          4,
          null,
          null
        ]
      },
      "/mnt/c/Users/ASUS/OneDrive/Desktop/ruby/Dev-Blog/app/models/post.rb": {
        "lines": [
          1,
          1,
          1,
          1,
          1,
          1,
          1,
          null,
          1,
          1,
          null,
          1,
          6,
          null,
          null,
          1,
          null,
          1,
          18,
          null,
          null
        ]
      },
      "/mnt/c/Users/ASUS/OneDrive/Desktop/ruby/Dev-Blog/spec/models/like_spec.rb": {
        "lines": [
          1,
          null,
          1,
          1,
          1,
          1,
          null,
          1,
          1,
          1,
          1,
          1,
          1,
          1,
          null,
          null,
          null
        ]
      },
      "/mnt/c/Users/ASUS/OneDrive/Desktop/ruby/Dev-Blog/app/models/like.rb": {
        "lines": [
          1,
          1,
          1,
          null,
          1,
          1,
          null,
          1,
          null,
          1,
          2,
          null,
          null
        ]
      },
      "/mnt/c/Users/ASUS/OneDrive/Desktop/ruby/Dev-Blog/spec/models/post_spec.rb": {
        "lines": [
          1,
          null,
          1,
          1,
          1,
          8,
          null,
          null,
          null,
          1,
          7,
          null,
          1,
          1,
          1,
          null,
          null,
          1,
          1,
          1,
          null,
          null,
          1,
          1,
          1,
          null,
          null,
          1,
          1,
          1,
          null,
          null,
          1,
          1,
          1,
          null,
          null,
          1,
          1,
          1,
          null,
          null,
          null,
          1,
          1,
          1,
          8,
          null,
          1,
          1,
          1,
          1,
          1,
          1,
          null,
          null,
          null,
          1,
          1,
          1,
          1,
          1,
          null,
          null,
          null
        ]
      },
      "/mnt/c/Users/ASUS/OneDrive/Desktop/ruby/Dev-Blog/spec/models/user_spec.rb": {
        "lines": [
          1,
          null,
          1,
          5,
          null,
          1,
          4,
          null,
          1,
          1,
          1,
          null,
          null,
          1,
          1,
          1,
          null,
          null,
          1,
          1,
          1,
          null,
          null,
          null,
          1,
          1,
          1,
          5,
          null,
          null,
          1,
          1,
          1,
          1,
          null,
          null,
          null
        ]
      },
      "/mnt/c/Users/ASUS/OneDrive/Desktop/ruby/Dev-Blog/spec/request/post_request_spec.rb": {
        "lines": [
          1,
          null,
          1,
          7,
          4,
          null,
          1,
          1,
          1,
          1,
          null,
          null,
          1,
          1,
          1,
          null,
          null,
          1,
          1,
          1,
          null,
          null,
          null,
          1,
          1,
          1,
          1,
          null,
          null,
          1,
          1,
          1,
          null,
          null,
          1,
          1,
          1,
          null,
          null,
          null
        ]
      },
      "/mnt/c/Users/ASUS/OneDrive/Desktop/ruby/Dev-Blog/spec/request/user_request_spec.rb": {
        "lines": [
          1,
          null,
          1,
          4,
          null,
          1,
          1,
          1,
          1,
          null,
          null,
          1,
          1,
          1,
          null,
          null,
          1,
          1,
          1,
          null,
          null,
          null,
          1,
          1,
          1,
          1,
          null,
          null,
          1,
          1,
          1,
          null,
          null,
          1,
          1,
          1,
          null,
          null,
          null
        ]
      },
      "/mnt/c/Users/ASUS/OneDrive/Desktop/ruby/Dev-Blog/app/controllers/posts_controller.rb": {
        "lines": [
          1,
          1,
          3,
          3,
          null,
          null,
          1,
          3,
          3,
          null,
          null
        ]
      },
      "/mnt/c/Users/ASUS/OneDrive/Desktop/ruby/Dev-Blog/app/controllers/application_controller.rb": {
        "lines": [
          1,
          null
        ]
      },
      "/mnt/c/Users/ASUS/OneDrive/Desktop/ruby/Dev-Blog/app/controllers/users_controller.rb": {
        "lines": [
          1,
          1,
          3,
          null,
          null,
          1,
          3,
          null,
          null
        ]
      }
    },
    "timestamp": 1690298325
  }
}
